빌드 시작: 2018-10-16 오후 2:18:05
     1>2 노드의 "C:\Users\dd\Documents\C과제\cp2012440025\HW1-01\HW1-01\HW1-01.vcxproj" 프로젝트(build 대상)입니다.
     1>PrepareForBuild:
         "C:\Users\dd\Documents\C과제\cp2012440025\HW1-01\Debug\" 디렉터리를 만들고 있습니다.
       InitializeBuildStatus:
         "AlwaysCreate"이(가) 지정되었기 때문에 "Debug\HW1-01.unsuccessfulbuild"을(를) 만들고 있습니다.
       ClCompile:
         C:\Program Files (x86)\Microsoft Visual Studio 10.0\VC\bin\CL.exe /c /ZI /nologo /W3 /WX- /Od /Oy- /D WIN32 /D _DEBUG /D _CONSOLE /D _UNICODE /D UNICODE /Gm /EHsc /RTC1 /MDd /GS /fp:precise /Zc:wchar_t /Zc:forScope /Fo"Debug\\" /Fd"Debug\vc100.pdb" /Gd /TP /analyze- /errorReport:prompt 01.cpp
         01.cpp
     1>c:\users\dd\documents\c과제\cp2012440025\hw1-01\hw1-01\01.cpp(7): warning C4996: 'scanf': This function or variable may be unsafe. Consider using scanf_s instead. To disable deprecation, use _CRT_SECURE_NO_WARNINGS. See online help for details.
                 c:\program files (x86)\microsoft visual studio 10.0\vc\include\stdio.h(304) : 'scanf' 선언을 참조하십시오.
       ManifestResourceCompile:
         C:\Program Files (x86)\Microsoft SDKs\Windows\v7.0A\bin\rc.exe /nologo /fo"Debug\HW1-01.exe.embed.manifest.res" Debug\HW1-01_manifest.rc 
       Link:
         C:\Program Files (x86)\Microsoft Visual Studio 10.0\VC\bin\link.exe /ERRORREPORT:PROMPT /OUT:"C:\Users\dd\Documents\C과제\cp2012440025\HW1-01\Debug\HW1-01.exe" /INCREMENTAL /NOLOGO kernel32.lib user32.lib gdi32.lib winspool.lib comdlg32.lib advapi32.lib shell32.lib ole32.lib oleaut32.lib uuid.lib odbc32.lib odbccp32.lib /MANIFEST /ManifestFile:"Debug\HW1-01.exe.intermediate.manifest" /MANIFESTUAC:"level='asInvoker' uiAccess='false'" /DEBUG /PDB:"C:\Users\dd\Documents\C과제\cp2012440025\HW1-01\Debug\HW1-01.pdb" /SUBSYSTEM:CONSOLE /TLBID:1 /DYNAMICBASE /NXCOMPAT /IMPLIB:"C:\Users\dd\Documents\C과제\cp2012440025\HW1-01\Debug\HW1-01.lib" /MACHINE:X86 "Debug\HW1-01.exe.embed.manifest.res"
         Debug\01.obj
       Manifest:
         C:\Program Files (x86)\Microsoft SDKs\Windows\v7.0A\bin\mt.exe /nologo /verbose /out:"Debug\HW1-01.exe.embed.manifest" /manifest "Debug\HW1-01.exe.intermediate.manifest"
         C:\Program Files (x86)\Microsoft SDKs\Windows\v7.0A\bin\rc.exe /nologo /fo"Debug\HW1-01.exe.embed.manifest.res" Debug\HW1-01_manifest.rc 
       LinkEmbedManifest:
         C:\Program Files (x86)\Microsoft Visual Studio 10.0\VC\bin\link.exe /ERRORREPORT:PROMPT /OUT:"C:\Users\dd\Documents\C과제\cp2012440025\HW1-01\Debug\HW1-01.exe" /INCREMENTAL /NOLOGO kernel32.lib user32.lib gdi32.lib winspool.lib comdlg32.lib advapi32.lib shell32.lib ole32.lib oleaut32.lib uuid.lib odbc32.lib odbccp32.lib /MANIFEST /ManifestFile:"Debug\HW1-01.exe.intermediate.manifest" /MANIFESTUAC:"level='asInvoker' uiAccess='false'" /DEBUG /PDB:"C:\Users\dd\Documents\C과제\cp2012440025\HW1-01\Debug\HW1-01.pdb" /SUBSYSTEM:CONSOLE /TLBID:1 /DYNAMICBASE /NXCOMPAT /IMPLIB:"C:\Users\dd\Documents\C과제\cp2012440025\HW1-01\Debug\HW1-01.lib" /MACHINE:X86 "Debug\HW1-01.exe.embed.manifest.res"
         Debug\01.obj
         HW1-01.vcxproj -> C:\Users\dd\Documents\C과제\cp2012440025\HW1-01\Debug\HW1-01.exe
       FinalizeBuildStatus:
         "Debug\HW1-01.unsuccessfulbuild" 파일을 삭제하고 있습니다.
         "Debug\HW1-01.lastbuildstate"에 연결(touching)하고 있습니다.
     1>"C:\Users\dd\Documents\C과제\cp2012440025\HW1-01\HW1-01\HW1-01.vcxproj" 프로젝트를 빌드했습니다(build 대상).

빌드했습니다.

경과 시간: 00:00:01.41
